2024-06-05 03:11:42,647 [Worker-5: Loading available Gradle versions] INFO  o.e.b.c.i.u.g.PublishedGradleVersions - Gradle version information cache is up-to-date. Trying to read.
2024-06-05 03:25:05,163 [ModalContext] INFO  o.e.m.c.i.e.AbstractTransferListenerAdapter - Downloading https://repo.maven.apache.org/maven2/org/apache/maven/archetypes/maven-archetype-quickstart/1.1/maven-archetype-quickstart-1.1.pom
2024-06-05 03:25:05,387 [ModalContext] INFO  o.e.m.c.i.e.AbstractTransferListenerAdapter - Downloaded https://repo.maven.apache.org/maven2/org/apache/maven/archetypes/maven-archetype-quickstart/1.1/maven-archetype-quickstart-1.1.pom
2024-06-05 03:25:12,751 [ModalContext] INFO  o.e.m.c.i.e.AbstractTransferListenerAdapter - Downloading https://repo.maven.apache.org/maven2/org/apache/maven/archetypes/maven-archetype-bundles/4/maven-archetype-bundles-4.pom
2024-06-05 03:25:13,625 [ModalContext] INFO  o.e.m.c.i.e.AbstractTransferListenerAdapter - Downloaded https://repo.maven.apache.org/maven2/org/apache/maven/archetypes/maven-archetype-bundles/4/maven-archetype-bundles-4.pom
2024-06-05 03:25:25,368 [ModalContext] INFO  o.e.m.c.i.e.AbstractTransferListenerAdapter - Downloading https://repo.maven.apache.org/maven2/org/apache/maven/archetype/maven-archetype/2.0-alpha-5/maven-archetype-2.0-alpha-5.pom
2024-06-05 03:25:26,147 [ModalContext] INFO  o.e.m.c.i.e.AbstractTransferListenerAdapter - Downloaded https://repo.maven.apache.org/maven2/org/apache/maven/archetype/maven-archetype/2.0-alpha-5/maven-archetype-2.0-alpha-5.pom
2024-06-05 03:25:36,734 [ModalContext] INFO  o.e.m.c.i.e.AbstractTransferListenerAdapter - Downloading https://repo.maven.apache.org/maven2/org/apache/maven/maven-parent/16/maven-parent-16.pom
2024-06-05 03:25:39,052 [ModalContext] INFO  o.e.m.c.i.e.AbstractTransferListenerAdapter - Downloaded https://repo.maven.apache.org/maven2/org/apache/maven/maven-parent/16/maven-parent-16.pom
2024-06-05 03:25:45,793 [ModalContext] INFO  o.e.m.c.i.e.AbstractTransferListenerAdapter - Downloading https://repo.maven.apache.org/maven2/org/apache/maven/archetypes/maven-archetype-quickstart/1.1/maven-archetype-quickstart-1.1.jar
2024-06-05 03:25:54,468 [ModalContext] INFO  o.e.m.c.i.e.AbstractTransferListenerAdapter - Downloaded https://repo.maven.apache.org/maven2/org/apache/maven/archetypes/maven-archetype-quickstart/1.1/maven-archetype-quickstart-1.1.jar
2024-06-05 03:28:04,418 [Worker-14: Launching mavenrun-c554f4d1-b7c3-4692-ac75-efb0f31e0f95] INFO  o.eclipse.m2e.core.internal.Bundles - getClasspathEntries(Bundle=org.eclipse.m2e.maven.runtime_3.9.600.20231203-1234 [637])
2024-06-05 03:28:04,427 [Worker-14: Launching mavenrun-c554f4d1-b7c3-4692-ac75-efb0f31e0f95] INFO  o.eclipse.m2e.core.internal.Bundles - 	Entry: C:\Users\User\.p2\pool\plugins\org.eclipse.m2e.maven.runtime_3.9.600.20231203-1234
2024-06-05 03:28:04,429 [Worker-14: Launching mavenrun-c554f4d1-b7c3-4692-ac75-efb0f31e0f95] INFO  o.eclipse.m2e.core.internal.Bundles - 	Entry: C:\Users\User\.p2\pool\plugins\org.eclipse.m2e.maven.runtime_3.9.600.20231203-1234\jars\aopalliance-1.0.jar
2024-06-05 03:28:04,433 [Worker-14: Launching mavenrun-c554f4d1-b7c3-4692-ac75-efb0f31e0f95] INFO  o.eclipse.m2e.core.internal.Bundles - 	Entry: C:\Users\User\.p2\pool\plugins\org.eclipse.m2e.maven.runtime_3.9.600.20231203-1234\jars\guice-5.1.0.jar
2024-06-05 03:28:04,434 [Worker-14: Launching mavenrun-c554f4d1-b7c3-4692-ac75-efb0f31e0f95] INFO  o.eclipse.m2e.core.internal.Bundles - 	Entry: C:\Users\User\.p2\pool\plugins\org.eclipse.m2e.maven.runtime_3.9.600.20231203-1234\jars\httpclient-4.5.14.jar
2024-06-05 03:28:04,436 [Worker-14: Launching mavenrun-c554f4d1-b7c3-4692-ac75-efb0f31e0f95] INFO  o.eclipse.m2e.core.internal.Bundles - 	Entry: C:\Users\User\.p2\pool\plugins\org.eclipse.m2e.maven.runtime_3.9.600.20231203-1234\jars\httpcore-4.4.16.jar
2024-06-05 03:28:04,438 [Worker-14: Launching mavenrun-c554f4d1-b7c3-4692-ac75-efb0f31e0f95] INFO  o.eclipse.m2e.core.internal.Bundles - 	Entry: C:\Users\User\.p2\pool\plugins\org.eclipse.m2e.maven.runtime_3.9.600.20231203-1234\jars\jansi-2.4.0.jar
2024-06-05 03:28:04,439 [Worker-14: Launching mavenrun-c554f4d1-b7c3-4692-ac75-efb0f31e0f95] INFO  o.eclipse.m2e.core.internal.Bundles - 	Entry: C:\Users\User\.p2\pool\plugins\org.eclipse.m2e.maven.runtime_3.9.600.20231203-1234\jars\jcl-over-slf4j-1.7.36.jar
2024-06-05 03:28:04,441 [Worker-14: Launching mavenrun-c554f4d1-b7c3-4692-ac75-efb0f31e0f95] INFO  o.eclipse.m2e.core.internal.Bundles - 	Entry: C:\Users\User\.p2\pool\plugins\org.eclipse.m2e.maven.runtime_3.9.600.20231203-1234\jars\maven-artifact-3.9.6.jar
2024-06-05 03:28:04,442 [Worker-14: Launching mavenrun-c554f4d1-b7c3-4692-ac75-efb0f31e0f95] INFO  o.eclipse.m2e.core.internal.Bundles - 	Entry: C:\Users\User\.p2\pool\plugins\org.eclipse.m2e.maven.runtime_3.9.600.20231203-1234\jars\maven-builder-support-3.9.6.jar
2024-06-05 03:28:04,443 [Worker-14: Launching mavenrun-c554f4d1-b7c3-4692-ac75-efb0f31e0f95] INFO  o.eclipse.m2e.core.internal.Bundles - 	Entry: C:\Users\User\.p2\pool\plugins\org.eclipse.m2e.maven.runtime_3.9.600.20231203-1234\jars\maven-compat-3.9.6.jar
2024-06-05 03:28:04,447 [Worker-14: Launching mavenrun-c554f4d1-b7c3-4692-ac75-efb0f31e0f95] INFO  o.eclipse.m2e.core.internal.Bundles - 	Entry: C:\Users\User\.p2\pool\plugins\org.eclipse.m2e.maven.runtime_3.9.600.20231203-1234\jars\maven-core-3.9.6.jar
2024-06-05 03:28:04,450 [Worker-14: Launching mavenrun-c554f4d1-b7c3-4692-ac75-efb0f31e0f95] INFO  o.eclipse.m2e.core.internal.Bundles - 	Entry: C:\Users\User\.p2\pool\plugins\org.eclipse.m2e.maven.runtime_3.9.600.20231203-1234\jars\maven-embedder-3.9.6.jar
2024-06-05 03:28:04,453 [Worker-14: Launching mavenrun-c554f4d1-b7c3-4692-ac75-efb0f31e0f95] INFO  o.eclipse.m2e.core.internal.Bundles - 	Entry: C:\Users\User\.p2\pool\plugins\org.eclipse.m2e.maven.runtime_3.9.600.20231203-1234\jars\maven-model-3.9.6.jar
2024-06-05 03:28:04,454 [Worker-14: Launching mavenrun-c554f4d1-b7c3-4692-ac75-efb0f31e0f95] INFO  o.eclipse.m2e.core.internal.Bundles - 	Entry: C:\Users\User\.p2\pool\plugins\org.eclipse.m2e.maven.runtime_3.9.600.20231203-1234\jars\maven-model-builder-3.9.6.jar
2024-06-05 03:28:04,456 [Worker-14: Launching mavenrun-c554f4d1-b7c3-4692-ac75-efb0f31e0f95] INFO  o.eclipse.m2e.core.internal.Bundles - 	Entry: C:\Users\User\.p2\pool\plugins\org.eclipse.m2e.maven.runtime_3.9.600.20231203-1234\jars\maven-plugin-api-3.9.6.jar
2024-06-05 03:28:04,459 [Worker-14: Launching mavenrun-c554f4d1-b7c3-4692-ac75-efb0f31e0f95] INFO  o.eclipse.m2e.core.internal.Bundles - 	Entry: C:\Users\User\.p2\pool\plugins\org.eclipse.m2e.maven.runtime_3.9.600.20231203-1234\jars\maven-repository-metadata-3.9.6.jar
2024-06-05 03:28:04,468 [Worker-14: Launching mavenrun-c554f4d1-b7c3-4692-ac75-efb0f31e0f95] INFO  o.eclipse.m2e.core.internal.Bundles - 	Entry: C:\Users\User\.p2\pool\plugins\org.eclipse.m2e.maven.runtime_3.9.600.20231203-1234\jars\maven-resolver-api-1.9.18.jar
2024-06-05 03:28:04,470 [Worker-14: Launching mavenrun-c554f4d1-b7c3-4692-ac75-efb0f31e0f95] INFO  o.eclipse.m2e.core.internal.Bundles - 	Entry: C:\Users\User\.p2\pool\plugins\org.eclipse.m2e.maven.runtime_3.9.600.20231203-1234\jars\maven-resolver-connector-basic-1.9.18.jar
2024-06-05 03:28:04,473 [Worker-14: Launching mavenrun-c554f4d1-b7c3-4692-ac75-efb0f31e0f95] INFO  o.eclipse.m2e.core.internal.Bundles - 	Entry: C:\Users\User\.p2\pool\plugins\org.eclipse.m2e.maven.runtime_3.9.600.20231203-1234\jars\maven-resolver-impl-1.9.18.jar
2024-06-05 03:28:04,475 [Worker-14: Launching mavenrun-c554f4d1-b7c3-4692-ac75-efb0f31e0f95] INFO  o.eclipse.m2e.core.internal.Bundles - 	Entry: C:\Users\User\.p2\pool\plugins\org.eclipse.m2e.maven.runtime_3.9.600.20231203-1234\jars\maven-resolver-named-locks-1.9.18.jar
2024-06-05 03:28:04,478 [Worker-14: Launching mavenrun-c554f4d1-b7c3-4692-ac75-efb0f31e0f95] INFO  o.eclipse.m2e.core.internal.Bundles - 	Entry: C:\Users\User\.p2\pool\plugins\org.eclipse.m2e.maven.runtime_3.9.600.20231203-1234\jars\maven-resolver-provider-3.9.6.jar
2024-06-05 03:28:04,518 [Worker-14: Launching mavenrun-c554f4d1-b7c3-4692-ac75-efb0f31e0f95] INFO  o.eclipse.m2e.core.internal.Bundles - 	Entry: C:\Users\User\.p2\pool\plugins\org.eclipse.m2e.maven.runtime_3.9.600.20231203-1234\jars\maven-resolver-spi-1.9.18.jar
2024-06-05 03:28:04,520 [Worker-14: Launching mavenrun-c554f4d1-b7c3-4692-ac75-efb0f31e0f95] INFO  o.eclipse.m2e.core.internal.Bundles - 	Entry: C:\Users\User\.p2\pool\plugins\org.eclipse.m2e.maven.runtime_3.9.600.20231203-1234\jars\maven-resolver-transport-file-1.9.18.jar
2024-06-05 03:28:04,522 [Worker-14: Launching mavenrun-c554f4d1-b7c3-4692-ac75-efb0f31e0f95] INFO  o.eclipse.m2e.core.internal.Bundles - 	Entry: C:\Users\User\.p2\pool\plugins\org.eclipse.m2e.maven.runtime_3.9.600.20231203-1234\jars\maven-resolver-transport-http-1.9.18.jar
2024-06-05 03:28:04,522 [Worker-14: Launching mavenrun-c554f4d1-b7c3-4692-ac75-efb0f31e0f95] INFO  o.eclipse.m2e.core.internal.Bundles - 	Entry: C:\Users\User\.p2\pool\plugins\org.eclipse.m2e.maven.runtime_3.9.600.20231203-1234\jars\maven-resolver-transport-wagon-1.9.18.jar
2024-06-05 03:28:04,525 [Worker-14: Launching mavenrun-c554f4d1-b7c3-4692-ac75-efb0f31e0f95] INFO  o.eclipse.m2e.core.internal.Bundles - 	Entry: C:\Users\User\.p2\pool\plugins\org.eclipse.m2e.maven.runtime_3.9.600.20231203-1234\jars\maven-resolver-util-1.9.18.jar
2024-06-05 03:28:04,526 [Worker-14: Launching mavenrun-c554f4d1-b7c3-4692-ac75-efb0f31e0f95] INFO  o.eclipse.m2e.core.internal.Bundles - 	Entry: C:\Users\User\.p2\pool\plugins\org.eclipse.m2e.maven.runtime_3.9.600.20231203-1234\jars\maven-settings-3.9.6.jar
2024-06-05 03:28:04,527 [Worker-14: Launching mavenrun-c554f4d1-b7c3-4692-ac75-efb0f31e0f95] INFO  o.eclipse.m2e.core.internal.Bundles - 	Entry: C:\Users\User\.p2\pool\plugins\org.eclipse.m2e.maven.runtime_3.9.600.20231203-1234\jars\maven-settings-builder-3.9.6.jar
2024-06-05 03:28:04,529 [Worker-14: Launching mavenrun-c554f4d1-b7c3-4692-ac75-efb0f31e0f95] INFO  o.eclipse.m2e.core.internal.Bundles - 	Entry: C:\Users\User\.p2\pool\plugins\org.eclipse.m2e.maven.runtime_3.9.600.20231203-1234\jars\maven-shared-utils-3.3.4.jar
2024-06-05 03:28:04,534 [Worker-14: Launching mavenrun-c554f4d1-b7c3-4692-ac75-efb0f31e0f95] INFO  o.eclipse.m2e.core.internal.Bundles - 	Entry: C:\Users\User\.p2\pool\plugins\org.eclipse.m2e.maven.runtime_3.9.600.20231203-1234\jars\org.eclipse.sisu.inject-0.9.0.M2.jar
2024-06-05 03:28:04,538 [Worker-14: Launching mavenrun-c554f4d1-b7c3-4692-ac75-efb0f31e0f95] INFO  o.eclipse.m2e.core.internal.Bundles - 	Entry: C:\Users\User\.p2\pool\plugins\org.eclipse.m2e.maven.runtime_3.9.600.20231203-1234\jars\org.eclipse.sisu.plexus-0.9.0.M2.jar
2024-06-05 03:28:04,539 [Worker-14: Launching mavenrun-c554f4d1-b7c3-4692-ac75-efb0f31e0f95] INFO  o.eclipse.m2e.core.internal.Bundles - 	Entry: C:\Users\User\.p2\pool\plugins\org.eclipse.m2e.maven.runtime_3.9.600.20231203-1234\jars\plexus-build-api-0.0.7.jar
2024-06-05 03:28:04,541 [Worker-14: Launching mavenrun-c554f4d1-b7c3-4692-ac75-efb0f31e0f95] INFO  o.eclipse.m2e.core.internal.Bundles - 	Entry: C:\Users\User\.p2\pool\plugins\org.eclipse.m2e.maven.runtime_3.9.600.20231203-1234\jars\plexus-cipher-2.0.jar
2024-06-05 03:28:04,544 [Worker-14: Launching mavenrun-c554f4d1-b7c3-4692-ac75-efb0f31e0f95] INFO  o.eclipse.m2e.core.internal.Bundles - 	Entry: C:\Users\User\.p2\pool\plugins\org.eclipse.m2e.maven.runtime_3.9.600.20231203-1234\jars\plexus-classworlds-2.7.0.jar
2024-06-05 03:28:04,547 [Worker-14: Launching mavenrun-c554f4d1-b7c3-4692-ac75-efb0f31e0f95] INFO  o.eclipse.m2e.core.internal.Bundles - 	Entry: C:\Users\User\.p2\pool\plugins\org.eclipse.m2e.maven.runtime_3.9.600.20231203-1234\jars\plexus-component-annotations-2.1.0.jar
2024-06-05 03:28:04,549 [Worker-14: Launching mavenrun-c554f4d1-b7c3-4692-ac75-efb0f31e0f95] INFO  o.eclipse.m2e.core.internal.Bundles - 	Entry: C:\Users\User\.p2\pool\plugins\org.eclipse.m2e.maven.runtime_3.9.600.20231203-1234\jars\plexus-interpolation-1.26.jar
2024-06-05 03:28:04,550 [Worker-14: Launching mavenrun-c554f4d1-b7c3-4692-ac75-efb0f31e0f95] INFO  o.eclipse.m2e.core.internal.Bundles - 	Entry: C:\Users\User\.p2\pool\plugins\org.eclipse.m2e.maven.runtime_3.9.600.20231203-1234\jars\plexus-sec-dispatcher-2.0.jar
2024-06-05 03:28:04,552 [Worker-14: Launching mavenrun-c554f4d1-b7c3-4692-ac75-efb0f31e0f95] INFO  o.eclipse.m2e.core.internal.Bundles - 	Entry: C:\Users\User\.p2\pool\plugins\org.eclipse.m2e.maven.runtime_3.9.600.20231203-1234\jars\plexus-utils-3.5.1.jar
2024-06-05 03:28:04,554 [Worker-14: Launching mavenrun-c554f4d1-b7c3-4692-ac75-efb0f31e0f95] INFO  o.eclipse.m2e.core.internal.Bundles - 	Entry: C:\Users\User\.p2\pool\plugins\org.eclipse.m2e.maven.runtime_3.9.600.20231203-1234\jars\wagon-file-3.5.3.jar
2024-06-05 03:28:04,556 [Worker-14: Launching mavenrun-c554f4d1-b7c3-4692-ac75-efb0f31e0f95] INFO  o.eclipse.m2e.core.internal.Bundles - 	Entry: C:\Users\User\.p2\pool\plugins\org.eclipse.m2e.maven.runtime_3.9.600.20231203-1234\jars\wagon-http-3.5.3.jar
2024-06-05 03:28:04,558 [Worker-14: Launching mavenrun-c554f4d1-b7c3-4692-ac75-efb0f31e0f95] INFO  o.eclipse.m2e.core.internal.Bundles - 	Entry: C:\Users\User\.p2\pool\plugins\org.eclipse.m2e.maven.runtime_3.9.600.20231203-1234\jars\wagon-http-shared-3.5.3.jar
2024-06-05 03:28:04,560 [Worker-14: Launching mavenrun-c554f4d1-b7c3-4692-ac75-efb0f31e0f95] INFO  o.eclipse.m2e.core.internal.Bundles - 	Entry: C:\Users\User\.p2\pool\plugins\org.eclipse.m2e.maven.runtime_3.9.600.20231203-1234\jars\wagon-provider-api-3.5.3.jar
2024-06-05 03:28:04,573 [Worker-14: Launching mavenrun-c554f4d1-b7c3-4692-ac75-efb0f31e0f95] INFO  o.eclipse.m2e.core.internal.Bundles - getClasspathEntries(Bundle=com.google.guava_33.0.0.jre [14])
2024-06-05 03:28:04,576 [Worker-14: Launching mavenrun-c554f4d1-b7c3-4692-ac75-efb0f31e0f95] INFO  o.eclipse.m2e.core.internal.Bundles - 	Entry: C:\Users\User\.p2\pool\plugins\com.google.guava_33.0.0.jre.jar
2024-06-05 03:28:04,576 [Worker-14: Launching mavenrun-c554f4d1-b7c3-4692-ac75-efb0f31e0f95] INFO  o.eclipse.m2e.core.internal.Bundles - getClasspathEntries(Bundle=slf4j.api_2.0.13 [999])
2024-06-05 03:28:04,579 [Worker-14: Launching mavenrun-c554f4d1-b7c3-4692-ac75-efb0f31e0f95] INFO  o.eclipse.m2e.core.internal.Bundles - 	Entry: C:\Users\User\.p2\pool\plugins\slf4j.api_2.0.13.jar
2024-06-05 03:28:04,580 [Worker-14: Launching mavenrun-c554f4d1-b7c3-4692-ac75-efb0f31e0f95] INFO  o.eclipse.m2e.core.internal.Bundles - getClasspathEntries(Bundle=jakarta.inject.jakarta.inject-api_1.0.5 [32])
2024-06-05 03:28:04,584 [Worker-14: Launching mavenrun-c554f4d1-b7c3-4692-ac75-efb0f31e0f95] INFO  o.eclipse.m2e.core.internal.Bundles - 	Entry: C:\Users\User\.p2\pool\plugins\jakarta.inject.jakarta.inject-api_1.0.5.jar
2024-06-05 03:28:04,585 [Worker-14: Launching mavenrun-c554f4d1-b7c3-4692-ac75-efb0f31e0f95] INFO  o.eclipse.m2e.core.internal.Bundles - getClasspathEntries(Bundle=jakarta.annotation-api_1.3.5 [27])
2024-06-05 03:28:04,588 [Worker-14: Launching mavenrun-c554f4d1-b7c3-4692-ac75-efb0f31e0f95] INFO  o.eclipse.m2e.core.internal.Bundles - 	Entry: C:\Users\User\.p2\pool\plugins\jakarta.annotation-api_1.3.5.jar
2024-06-05 03:28:04,589 [Worker-14: Launching mavenrun-c554f4d1-b7c3-4692-ac75-efb0f31e0f95] INFO  o.eclipse.m2e.core.internal.Bundles - getClasspathEntries(Bundle=org.apache.commons.cli_1.6.0 [75])
2024-06-05 03:28:04,593 [Worker-14: Launching mavenrun-c554f4d1-b7c3-4692-ac75-efb0f31e0f95] INFO  o.eclipse.m2e.core.internal.Bundles - 	Entry: C:\Users\User\.p2\pool\plugins\org.apache.commons.cli_1.6.0.jar
2024-06-05 03:28:04,593 [Worker-14: Launching mavenrun-c554f4d1-b7c3-4692-ac75-efb0f31e0f95] INFO  o.eclipse.m2e.core.internal.Bundles - getClasspathEntries(Bundle=org.apache.commons.commons-codec_1.16.0 [78])
2024-06-05 03:28:04,597 [Worker-14: Launching mavenrun-c554f4d1-b7c3-4692-ac75-efb0f31e0f95] INFO  o.eclipse.m2e.core.internal.Bundles - 	Entry: C:\Users\User\.p2\pool\plugins\org.apache.commons.commons-codec_1.16.0.jar
2024-06-05 03:28:04,598 [Worker-14: Launching mavenrun-c554f4d1-b7c3-4692-ac75-efb0f31e0f95] INFO  o.eclipse.m2e.core.internal.Bundles - getClasspathEntries(Bundle=org.apache.commons.lang3_3.14.0 [86])
2024-06-05 03:28:04,599 [Worker-14: Launching mavenrun-c554f4d1-b7c3-4692-ac75-efb0f31e0f95] INFO  o.eclipse.m2e.core.internal.Bundles - 	Entry: C:\Users\User\.p2\pool\plugins\org.apache.commons.lang3_3.14.0.jar
2024-06-05 03:28:04,599 [Worker-14: Launching mavenrun-c554f4d1-b7c3-4692-ac75-efb0f31e0f95] INFO  o.eclipse.m2e.core.internal.Bundles - getClasspathEntries(Bundle=com.google.guava.failureaccess_1.0.2 [15])
2024-06-05 03:28:04,601 [Worker-14: Launching mavenrun-c554f4d1-b7c3-4692-ac75-efb0f31e0f95] INFO  o.eclipse.m2e.core.internal.Bundles - 	Entry: C:\Users\User\.p2\pool\plugins\com.google.guava.failureaccess_1.0.2.jar
2024-06-05 03:28:04,650 [Worker-14: Launching mavenrun-c554f4d1-b7c3-4692-ac75-efb0f31e0f95] INFO  o.e.m.i.launch.MavenLaunchDelegate - Run build in "C:\Users\User\AppData\Local\Temp\m2e-archetypeGenerator9579699627778871480":
2024-06-05 03:28:04,672 [Worker-14: Launching mavenrun-c554f4d1-b7c3-4692-ac75-efb0f31e0f95] INFO  o.e.m.i.launch.MavenLaunchDelegate -  mvn  -DarchetypeGroupId=org.apache.maven.archetypes -DarchetypeArtifactId=maven-archetype-quickstart -DarchetypeVersion=1.1 -DgroupId=spring.hibernate -DartifactId=hibernateProject -Dversion=0.0.1-SNAPSHOT -Dpackage=spring.hibernate.hibernateProject -DoutputDirectory=C:\Training\hibernateProject -Dstyle.color=always -U archetype:generate
2024-06-05 04:40:51,671 [Worker-4: Loading available Gradle versions] INFO  o.e.b.c.i.u.g.PublishedGradleVersions - Gradle version information cache is up-to-date. Trying to read.
2024-06-05 04:41:59,666 [Worker-2: Importing Maven projects] INFO  o.e.m.c.i.l.LifecycleMappingFactory - Using org.eclipse.m2e.jdt.JarLifecycleMapping lifecycle mapping for MavenProject: spring.hibernate:hibernateProject:0.0.1-SNAPSHOT @ C:\Training\hibernateProject\hibernateProject\pom.xml.
2024-06-05 04:42:22,508 [Worker-2: Importing Maven projects] INFO  o.e.m.j.i.AbstractJavaProjectConfigurator - Adding source folder /hibernateProject/src/main/java
2024-06-05 04:42:22,521 [Worker-2: Importing Maven projects] INFO  o.e.m.j.i.AbstractJavaProjectConfigurator - Adding resource folder /hibernateProject/src/main/resources
2024-06-05 04:42:22,928 [Worker-2: Importing Maven projects] INFO  o.e.m.j.i.AbstractJavaProjectConfigurator - Adding resource folder /hibernateProject/src/main/resources
2024-06-05 04:42:23,130 [Worker-2: Importing Maven projects] INFO  o.e.m.j.i.AbstractJavaProjectConfigurator - Adding source folder /hibernateProject/src/test/java
2024-06-05 04:42:23,138 [Worker-2: Importing Maven projects] INFO  o.e.m.j.i.AbstractJavaProjectConfigurator - Adding resource folder /hibernateProject/src/test/resources
2024-06-05 04:43:10,286 [Worker-2: Importing Maven projects] INFO  o.e.m.c.i.p.ProjectConfigurationManager - Imported and configured 1 project(s) in 96 sec
2024-06-05 04:43:11,212 [Worker-2: Updating Maven Project] INFO  o.e.m.c.i.p.ProjectConfigurationManager - Update started
2024-06-05 04:43:17,230 [Worker-2: Updating Maven Project] INFO  o.e.m.c.i.l.LifecycleMappingFactory - Using org.eclipse.m2e.jdt.JarLifecycleMapping lifecycle mapping for MavenProject: spring.hibernate:hibernateProject:0.0.1-SNAPSHOT @ C:\Training\hibernateProject\hibernateProject\pom.xml.
2024-06-05 04:43:31,685 [Worker-2: Updating Maven Project] INFO  o.e.m.j.i.AbstractJavaProjectConfigurator - Adding source folder /hibernateProject/src/main/java
2024-06-05 04:43:31,690 [Worker-2: Updating Maven Project] INFO  o.e.m.j.i.AbstractJavaProjectConfigurator - Adding resource folder /hibernateProject/src/main/resources
2024-06-05 04:43:31,700 [Worker-2: Updating Maven Project] INFO  o.e.m.j.i.AbstractJavaProjectConfigurator - Adding resource folder /hibernateProject/src/main/resources
2024-06-05 04:43:31,705 [Worker-2: Updating Maven Project] INFO  o.e.m.j.i.AbstractJavaProjectConfigurator - Adding source folder /hibernateProject/src/test/java
2024-06-05 04:43:31,714 [Worker-2: Updating Maven Project] INFO  o.e.m.j.i.AbstractJavaProjectConfigurator - Adding resource folder /hibernateProject/src/test/resources
2024-06-05 04:43:35,781 [Worker-2: Updating Maven Project] INFO  o.e.m.c.i.p.ProjectConfigurationManager - Update completed for 1 poms: local refresh takes 0.00 sec, refresh facades takes 19.00 sec, update config takes 2.00 sec 
2024-06-05 04:43:39,889 [Worker-11: Building] INFO  o.a.m.s.f.DefaultMavenResourcesFiltering - Copying 1 resource from src\main\resources to target\classes
2024-06-05 04:43:40,008 [Worker-11: Building] INFO  o.a.m.s.f.DefaultMavenResourcesFiltering - Copying 0 resource from src\main\resources to target\classes
2024-06-05 04:43:40,033 [Worker-11: Building] INFO  o.a.m.s.f.DefaultMavenResourcesFiltering - skip non existing resourceDirectory C:\Training\hibernateProject\hibernateProject\src\test\resources
2024-06-05 04:47:48,823 [Worker-13: Building] INFO  o.a.m.s.f.DefaultMavenResourcesFiltering - Copying 1 resource from src\main\resources to target\classes
2024-06-05 04:47:48,915 [Worker-13: Building] INFO  o.a.m.s.f.DefaultMavenResourcesFiltering - Copying 0 resource from src\main\resources to target\classes
2024-06-05 04:47:48,942 [Worker-13: Building] INFO  o.a.m.s.f.DefaultMavenResourcesFiltering - skip non existing resourceDirectory C:\Training\hibernateProject\hibernateProject\src\test\resources
2024-06-05 04:48:33,330 [Worker-11: Building] INFO  o.a.m.s.f.DefaultMavenResourcesFiltering - Copying 1 resource from src\main\resources to target\classes
2024-06-05 04:48:33,383 [Worker-11: Building] INFO  o.a.m.s.f.DefaultMavenResourcesFiltering - Copying 0 resource from src\main\resources to target\classes
2024-06-05 04:48:33,402 [Worker-11: Building] INFO  o.a.m.s.f.DefaultMavenResourcesFiltering - skip non existing resourceDirectory C:\Training\hibernateProject\hibernateProject\src\test\resources
2024-06-05 04:53:01,568 [Worker-14: Building] INFO  o.a.m.s.f.DefaultMavenResourcesFiltering - Copying 1 resource from src\main\resources to target\classes
2024-06-05 04:53:01,603 [Worker-14: Building] INFO  o.a.m.s.f.DefaultMavenResourcesFiltering - Copying 0 resource from src\main\resources to target\classes
2024-06-05 04:53:01,620 [Worker-14: Building] INFO  o.a.m.s.f.DefaultMavenResourcesFiltering - skip non existing resourceDirectory C:\Training\hibernateProject\hibernateProject\src\test\resources
2024-06-05 05:42:02,118 [Worker-16: Building] INFO  o.a.m.s.f.DefaultMavenResourcesFiltering - Copying 1 resource from src\main\resources to target\classes
2024-06-05 05:42:02,142 [Worker-16: Building] INFO  o.a.m.s.f.DefaultMavenResourcesFiltering - Copying 0 resource from src\main\resources to target\classes
2024-06-05 05:42:02,148 [Worker-16: Building] INFO  o.a.m.s.f.DefaultMavenResourcesFiltering - skip non existing resourceDirectory C:\Training\hibernateProject\hibernateProject\src\test\resources
2024-06-05 05:48:19,974 [Worker-21: Building] INFO  o.a.m.s.f.DefaultMavenResourcesFiltering - Copying 1 resource from src\main\resources to target\classes
2024-06-05 05:48:20,043 [Worker-21: Building] INFO  o.a.m.s.f.DefaultMavenResourcesFiltering - Copying 0 resource from src\main\resources to target\classes
2024-06-05 05:48:20,075 [Worker-21: Building] INFO  o.a.m.s.f.DefaultMavenResourcesFiltering - skip non existing resourceDirectory C:\Training\hibernateProject\hibernateProject\src\test\resources
2024-06-05 05:52:01,209 [Worker-25: Building] INFO  o.a.m.s.f.DefaultMavenResourcesFiltering - Copying 1 resource from src\main\resources to target\classes
2024-06-05 05:52:01,246 [Worker-25: Building] INFO  o.a.m.s.f.DefaultMavenResourcesFiltering - Copying 0 resource from src\main\resources to target\classes
2024-06-05 05:52:01,262 [Worker-25: Building] INFO  o.a.m.s.f.DefaultMavenResourcesFiltering - skip non existing resourceDirectory C:\Training\hibernateProject\hibernateProject\src\test\resources
2024-06-05 05:54:57,368 [Worker-27: Building] INFO  o.a.m.s.f.DefaultMavenResourcesFiltering - Copying 1 resource from src\main\resources to target\classes
2024-06-05 05:54:57,399 [Worker-27: Building] INFO  o.a.m.s.f.DefaultMavenResourcesFiltering - Copying 0 resource from src\main\resources to target\classes
2024-06-05 05:54:57,418 [Worker-27: Building] INFO  o.a.m.s.f.DefaultMavenResourcesFiltering - skip non existing resourceDirectory C:\Training\hibernateProject\hibernateProject\src\test\resources
2024-06-05 05:55:28,524 [Worker-26: Building] INFO  o.a.m.s.f.DefaultMavenResourcesFiltering - Copying 1 resource from src\main\resources to target\classes
2024-06-05 05:55:28,533 [Worker-26: Building] INFO  o.a.m.s.f.DefaultMavenResourcesFiltering - Copying 0 resource from src\main\resources to target\classes
2024-06-05 05:55:28,536 [Worker-26: Building] INFO  o.a.m.s.f.DefaultMavenResourcesFiltering - skip non existing resourceDirectory C:\Training\hibernateProject\hibernateProject\src\test\resources
2024-06-05 05:56:18,877 [Worker-26: Building] INFO  o.a.m.s.f.DefaultMavenResourcesFiltering - Copying 1 resource from src\main\resources to target\classes
2024-06-05 05:56:18,967 [Worker-26: Building] INFO  o.a.m.s.f.DefaultMavenResourcesFiltering - Copying 0 resource from src\main\resources to target\classes
2024-06-05 05:56:18,980 [Worker-26: Building] INFO  o.a.m.s.f.DefaultMavenResourcesFiltering - skip non existing resourceDirectory C:\Training\hibernateProject\hibernateProject\src\test\resources
2024-06-05 05:56:24,838 [Worker-27: Building] INFO  o.a.m.s.f.DefaultMavenResourcesFiltering - Copying 1 resource from src\main\resources to target\classes
2024-06-05 05:56:25,705 [Worker-27: Building] INFO  o.a.m.s.f.DefaultMavenResourcesFiltering - Copying 0 resource from src\main\resources to target\classes
2024-06-05 05:56:25,724 [Worker-27: Building] INFO  o.a.m.s.f.DefaultMavenResourcesFiltering - skip non existing resourceDirectory C:\Training\hibernateProject\hibernateProject\src\test\resources
2024-06-05 05:58:20,885 [Worker-3: Building] INFO  o.a.m.s.f.DefaultMavenResourcesFiltering - Copying 1 resource from src\main\resources to target\classes
2024-06-05 05:58:20,938 [Worker-3: Building] INFO  o.a.m.s.f.DefaultMavenResourcesFiltering - Copying 0 resource from src\main\resources to target\classes
2024-06-05 05:58:20,955 [Worker-3: Building] INFO  o.a.m.s.f.DefaultMavenResourcesFiltering - skip non existing resourceDirectory C:\Training\hibernateProject\hibernateProject\src\test\resources
2024-06-05 06:15:44,341 [Worker-3: Building] INFO  o.a.m.s.f.DefaultMavenResourcesFiltering - Copying 1 resource from src\main\resources to target\classes
2024-06-05 06:15:44,366 [Worker-3: Building] INFO  o.a.m.s.f.DefaultMavenResourcesFiltering - Copying 0 resource from src\main\resources to target\classes
2024-06-05 06:15:44,371 [Worker-3: Building] INFO  o.a.m.s.f.DefaultMavenResourcesFiltering - skip non existing resourceDirectory C:\Training\hibernateProject\hibernateProject\src\test\resources
2024-06-05 06:17:12,264 [Worker-33: Building] INFO  o.a.m.s.f.DefaultMavenResourcesFiltering - Copying 1 resource from src\main\resources to target\classes
2024-06-05 06:17:13,005 [Worker-33: Building] INFO  o.a.m.s.f.DefaultMavenResourcesFiltering - Copying 0 resource from src\main\resources to target\classes
2024-06-05 06:17:13,339 [Worker-33: Building] INFO  o.a.m.s.f.DefaultMavenResourcesFiltering - skip non existing resourceDirectory C:\Training\hibernateProject\hibernateProject\src\test\resources
2024-06-05 06:18:19,301 [Worker-3: Building] INFO  o.a.m.s.f.DefaultMavenResourcesFiltering - Copying 1 resource from src\main\resources to target\classes
2024-06-05 06:18:19,418 [Worker-3: Building] INFO  o.a.m.s.f.DefaultMavenResourcesFiltering - Copying 0 resource from src\main\resources to target\classes
2024-06-05 06:18:19,484 [Worker-3: Building] INFO  o.a.m.s.f.DefaultMavenResourcesFiltering - skip non existing resourceDirectory C:\Training\hibernateProject\hibernateProject\src\test\resources
2024-06-05 23:02:08,415 [Worker-44: Building] INFO  o.a.m.s.f.DefaultMavenResourcesFiltering - Copying 1 resource from src\main\resources to target\classes
2024-06-05 23:02:08,503 [Worker-44: Building] INFO  o.a.m.s.f.DefaultMavenResourcesFiltering - Copying 0 resource from src\main\resources to target\classes
2024-06-05 23:02:08,519 [Worker-44: Building] INFO  o.a.m.s.f.DefaultMavenResourcesFiltering - skip non existing resourceDirectory C:\Training\hibernateProject\hibernateProject\src\test\resources
2024-06-05 23:02:31,371 [Worker-46: Building] INFO  o.a.m.s.f.DefaultMavenResourcesFiltering - Copying 1 resource from src\main\resources to target\classes
2024-06-05 23:02:31,396 [Worker-46: Building] INFO  o.a.m.s.f.DefaultMavenResourcesFiltering - Copying 0 resource from src\main\resources to target\classes
2024-06-05 23:02:31,412 [Worker-46: Building] INFO  o.a.m.s.f.DefaultMavenResourcesFiltering - skip non existing resourceDirectory C:\Training\hibernateProject\hibernateProject\src\test\resources
2024-06-05 23:04:06,698 [Worker-45: Building] INFO  o.a.m.s.f.DefaultMavenResourcesFiltering - Copying 1 resource from src\main\resources to target\classes
2024-06-05 23:04:06,725 [Worker-45: Building] INFO  o.a.m.s.f.DefaultMavenResourcesFiltering - Copying 0 resource from src\main\resources to target\classes
2024-06-05 23:04:06,740 [Worker-45: Building] INFO  o.a.m.s.f.DefaultMavenResourcesFiltering - skip non existing resourceDirectory C:\Training\hibernateProject\hibernateProject\src\test\resources
2024-06-05 23:04:38,730 [Worker-44: Building] INFO  o.a.m.s.f.DefaultMavenResourcesFiltering - Copying 1 resource from src\main\resources to target\classes
2024-06-05 23:04:38,756 [Worker-44: Building] INFO  o.a.m.s.f.DefaultMavenResourcesFiltering - Copying 0 resource from src\main\resources to target\classes
2024-06-05 23:04:38,795 [Worker-44: Building] INFO  o.a.m.s.f.DefaultMavenResourcesFiltering - skip non existing resourceDirectory C:\Training\hibernateProject\hibernateProject\src\test\resources
2024-06-05 23:08:02,057 [Worker-44: Building] INFO  o.a.m.s.f.DefaultMavenResourcesFiltering - Copying 1 resource from src\main\resources to target\classes
2024-06-05 23:08:02,112 [Worker-44: Building] INFO  o.a.m.s.f.DefaultMavenResourcesFiltering - Copying 0 resource from src\main\resources to target\classes
2024-06-05 23:08:02,133 [Worker-44: Building] INFO  o.a.m.s.f.DefaultMavenResourcesFiltering - skip non existing resourceDirectory C:\Training\hibernateProject\hibernateProject\src\test\resources
2024-06-05 23:20:37,895 [Worker-52: Building] INFO  o.a.m.s.f.DefaultMavenResourcesFiltering - Copying 1 resource from src\main\resources to target\classes
2024-06-05 23:20:37,933 [Worker-52: Building] INFO  o.a.m.s.f.DefaultMavenResourcesFiltering - Copying 0 resource from src\main\resources to target\classes
2024-06-05 23:20:37,948 [Worker-52: Building] INFO  o.a.m.s.f.DefaultMavenResourcesFiltering - skip non existing resourceDirectory C:\Training\hibernateProject\hibernateProject\src\test\resources
2024-06-05 23:21:12,835 [Worker-53: Building] INFO  o.a.m.s.f.DefaultMavenResourcesFiltering - Copying 1 resource from src\main\resources to target\classes
2024-06-05 23:21:12,885 [Worker-53: Building] INFO  o.a.m.s.f.DefaultMavenResourcesFiltering - Copying 0 resource from src\main\resources to target\classes
2024-06-05 23:21:12,903 [Worker-53: Building] INFO  o.a.m.s.f.DefaultMavenResourcesFiltering - skip non existing resourceDirectory C:\Training\hibernateProject\hibernateProject\src\test\resources
2024-06-05 23:21:29,014 [Worker-55: Building] INFO  o.a.m.s.f.DefaultMavenResourcesFiltering - Copying 1 resource from src\main\resources to target\classes
2024-06-05 23:21:29,092 [Worker-55: Building] INFO  o.a.m.s.f.DefaultMavenResourcesFiltering - Copying 0 resource from src\main\resources to target\classes
2024-06-05 23:21:29,112 [Worker-55: Building] INFO  o.a.m.s.f.DefaultMavenResourcesFiltering - skip non existing resourceDirectory C:\Training\hibernateProject\hibernateProject\src\test\resources
2024-06-05 23:22:09,792 [Worker-48: Building] INFO  o.a.m.s.f.DefaultMavenResourcesFiltering - Copying 1 resource from src\main\resources to target\classes
2024-06-05 23:22:09,815 [Worker-48: Building] INFO  o.a.m.s.f.DefaultMavenResourcesFiltering - Copying 0 resource from src\main\resources to target\classes
2024-06-05 23:22:09,829 [Worker-48: Building] INFO  o.a.m.s.f.DefaultMavenResourcesFiltering - skip non existing resourceDirectory C:\Training\hibernateProject\hibernateProject\src\test\resources
2024-06-05 23:23:20,982 [Worker-55: Building] INFO  o.a.m.s.f.DefaultMavenResourcesFiltering - Copying 1 resource from src\main\resources to target\classes
2024-06-05 23:23:21,503 [Worker-55: Building] INFO  o.a.m.s.f.DefaultMavenResourcesFiltering - Copying 0 resource from src\main\resources to target\classes
2024-06-05 23:23:21,579 [Worker-55: Building] INFO  o.a.m.s.f.DefaultMavenResourcesFiltering - skip non existing resourceDirectory C:\Training\hibernateProject\hibernateProject\src\test\resources
2024-06-05 23:32:08,738 [Worker-56: Building] INFO  o.a.m.s.f.DefaultMavenResourcesFiltering - Copying 1 resource from src\main\resources to target\classes
2024-06-05 23:32:08,786 [Worker-56: Building] INFO  o.a.m.s.f.DefaultMavenResourcesFiltering - Copying 0 resource from src\main\resources to target\classes
2024-06-05 23:32:08,799 [Worker-56: Building] INFO  o.a.m.s.f.DefaultMavenResourcesFiltering - skip non existing resourceDirectory C:\Training\hibernateProject\hibernateProject\src\test\resources
2024-06-05 23:33:13,707 [Worker-54: Building] INFO  o.a.m.s.f.DefaultMavenResourcesFiltering - Copying 1 resource from src\main\resources to target\classes
2024-06-05 23:33:13,741 [Worker-54: Building] INFO  o.a.m.s.f.DefaultMavenResourcesFiltering - Copying 0 resource from src\main\resources to target\classes
2024-06-05 23:33:13,778 [Worker-54: Building] INFO  o.a.m.s.f.DefaultMavenResourcesFiltering - skip non existing resourceDirectory C:\Training\hibernateProject\hibernateProject\src\test\resources
2024-06-05 23:35:10,222 [Worker-56: Building] INFO  o.a.m.s.f.DefaultMavenResourcesFiltering - Copying 1 resource from src\main\resources to target\classes
2024-06-05 23:35:10,415 [Worker-56: Building] INFO  o.a.m.s.f.DefaultMavenResourcesFiltering - Copying 0 resource from src\main\resources to target\classes
2024-06-05 23:35:10,437 [Worker-56: Building] INFO  o.a.m.s.f.DefaultMavenResourcesFiltering - skip non existing resourceDirectory C:\Training\hibernateProject\hibernateProject\src\test\resources
2024-06-05 23:38:59,853 [Worker-57: Building] INFO  o.a.m.s.f.DefaultMavenResourcesFiltering - Copying 1 resource from src\main\resources to target\classes
2024-06-05 23:38:59,875 [Worker-57: Building] INFO  o.a.m.s.f.DefaultMavenResourcesFiltering - Copying 0 resource from src\main\resources to target\classes
2024-06-05 23:38:59,900 [Worker-57: Building] INFO  o.a.m.s.f.DefaultMavenResourcesFiltering - skip non existing resourceDirectory C:\Training\hibernateProject\hibernateProject\src\test\resources
2024-06-05 23:42:43,853 [Worker-60: Building] INFO  o.a.m.s.f.DefaultMavenResourcesFiltering - Copying 1 resource from src\main\resources to target\classes
2024-06-05 23:42:43,864 [Worker-60: Building] INFO  o.a.m.s.f.DefaultMavenResourcesFiltering - Copying 0 resource from src\main\resources to target\classes
2024-06-05 23:42:43,869 [Worker-60: Building] INFO  o.a.m.s.f.DefaultMavenResourcesFiltering - skip non existing resourceDirectory C:\Training\hibernateProject\hibernateProject\src\test\resources
2024-06-05 23:43:47,768 [Worker-61: Building] INFO  o.a.m.s.f.DefaultMavenResourcesFiltering - Copying 1 resource from src\main\resources to target\classes
2024-06-05 23:43:48,016 [Worker-61: Building] INFO  o.a.m.s.f.DefaultMavenResourcesFiltering - Copying 0 resource from src\main\resources to target\classes
2024-06-05 23:43:48,188 [Worker-61: Building] INFO  o.a.m.s.f.DefaultMavenResourcesFiltering - skip non existing resourceDirectory C:\Training\hibernateProject\hibernateProject\src\test\resources
2024-06-05 23:44:02,055 [Worker-60: Building] INFO  o.a.m.s.f.DefaultMavenResourcesFiltering - Copying 1 resource from src\main\resources to target\classes
2024-06-05 23:44:02,081 [Worker-60: Building] INFO  o.a.m.s.f.DefaultMavenResourcesFiltering - Copying 0 resource from src\main\resources to target\classes
2024-06-05 23:44:02,094 [Worker-60: Building] INFO  o.a.m.s.f.DefaultMavenResourcesFiltering - skip non existing resourceDirectory C:\Training\hibernateProject\hibernateProject\src\test\resources
2024-06-05 23:45:31,612 [Worker-61: Building] INFO  o.a.m.s.f.DefaultMavenResourcesFiltering - Copying 1 resource from src\main\resources to target\classes
2024-06-05 23:45:31,663 [Worker-61: Building] INFO  o.a.m.s.f.DefaultMavenResourcesFiltering - Copying 0 resource from src\main\resources to target\classes
2024-06-05 23:45:31,677 [Worker-61: Building] INFO  o.a.m.s.f.DefaultMavenResourcesFiltering - skip non existing resourceDirectory C:\Training\hibernateProject\hibernateProject\src\test\resources
2024-06-05 23:52:29,060 [Worker-64: Building] INFO  o.a.m.s.f.DefaultMavenResourcesFiltering - Copying 1 resource from src\main\resources to target\classes
2024-06-05 23:52:29,091 [Worker-64: Building] INFO  o.a.m.s.f.DefaultMavenResourcesFiltering - Copying 0 resource from src\main\resources to target\classes
2024-06-05 23:52:29,108 [Worker-64: Building] INFO  o.a.m.s.f.DefaultMavenResourcesFiltering - skip non existing resourceDirectory C:\Training\hibernateProject\hibernateProject\src\test\resources
2024-06-05 23:53:44,670 [Worker-66: Building] INFO  o.a.m.s.f.DefaultMavenResourcesFiltering - Copying 1 resource from src\main\resources to target\classes
2024-06-05 23:53:44,696 [Worker-66: Building] INFO  o.a.m.s.f.DefaultMavenResourcesFiltering - Copying 0 resource from src\main\resources to target\classes
2024-06-05 23:53:44,711 [Worker-66: Building] INFO  o.a.m.s.f.DefaultMavenResourcesFiltering - skip non existing resourceDirectory C:\Training\hibernateProject\hibernateProject\src\test\resources
2024-06-06 00:00:53,357 [Worker-64: Building] INFO  o.a.m.s.f.DefaultMavenResourcesFiltering - Copying 1 resource from src\main\resources to target\classes
2024-06-06 00:00:53,452 [Worker-64: Building] INFO  o.a.m.s.f.DefaultMavenResourcesFiltering - Copying 0 resource from src\main\resources to target\classes
2024-06-06 00:00:53,472 [Worker-64: Building] INFO  o.a.m.s.f.DefaultMavenResourcesFiltering - skip non existing resourceDirectory C:\Training\hibernateProject\hibernateProject\src\test\resources
2024-06-06 00:05:24,364 [Worker-65: Building] INFO  o.a.m.s.f.DefaultMavenResourcesFiltering - Copying 1 resource from src\main\resources to target\classes
2024-06-06 00:05:24,406 [Worker-65: Building] INFO  o.a.m.s.f.DefaultMavenResourcesFiltering - Copying 0 resource from src\main\resources to target\classes
2024-06-06 00:05:24,412 [Worker-65: Building] INFO  o.a.m.s.f.DefaultMavenResourcesFiltering - skip non existing resourceDirectory C:\Training\hibernateProject\hibernateProject\src\test\resources
2024-06-06 00:12:41,199 [Worker-68: Building] INFO  o.a.m.s.f.DefaultMavenResourcesFiltering - Copying 1 resource from src\main\resources to target\classes
2024-06-06 00:12:41,227 [Worker-68: Building] INFO  o.a.m.s.f.DefaultMavenResourcesFiltering - Copying 0 resource from src\main\resources to target\classes
2024-06-06 00:12:41,269 [Worker-68: Building] INFO  o.a.m.s.f.DefaultMavenResourcesFiltering - skip non existing resourceDirectory C:\Training\hibernateProject\hibernateProject\src\test\resources
2024-06-06 00:16:00,945 [Worker-70: Building] INFO  o.a.m.s.f.DefaultMavenResourcesFiltering - Copying 1 resource from src\main\resources to target\classes
2024-06-06 00:16:00,955 [Worker-70: Building] INFO  o.a.m.s.f.DefaultMavenResourcesFiltering - Copying 0 resource from src\main\resources to target\classes
2024-06-06 00:16:00,959 [Worker-70: Building] INFO  o.a.m.s.f.DefaultMavenResourcesFiltering - skip non existing resourceDirectory C:\Training\hibernateProject\hibernateProject\src\test\resources
2024-06-06 01:44:40,378 [Worker-11: Loading available Gradle versions] INFO  o.e.b.c.i.u.g.PublishedGradleVersions - Gradle version information cache is out-of-date. Trying to update.
2024-06-06 01:46:38,735 [Worker-12: Building] INFO  o.a.m.s.f.DefaultMavenResourcesFiltering - Copying 1 resource from src\main\resources to target\classes
2024-06-06 01:46:38,887 [Worker-12: Building] INFO  o.a.m.s.f.DefaultMavenResourcesFiltering - Copying 0 resource from src\main\resources to target\classes
2024-06-06 01:46:38,944 [Worker-12: Building] INFO  o.a.m.s.f.DefaultMavenResourcesFiltering - skip non existing resourceDirectory C:\Training\hibernateProject\hibernateProject\src\test\resources
2024-06-06 02:29:38,138 [Worker-17: Building] INFO  o.a.m.s.f.DefaultMavenResourcesFiltering - Copying 1 resource from src\main\resources to target\classes
2024-06-06 02:29:38,284 [Worker-17: Building] INFO  o.a.m.s.f.DefaultMavenResourcesFiltering - Copying 0 resource from src\main\resources to target\classes
2024-06-06 02:29:38,340 [Worker-17: Building] INFO  o.a.m.s.f.DefaultMavenResourcesFiltering - skip non existing resourceDirectory C:\Training\hibernateProject\hibernateProject\src\test\resources
2024-06-06 02:39:40,614 [Worker-24: Building] INFO  o.a.m.s.f.DefaultMavenResourcesFiltering - Copying 1 resource from src\main\resources to target\classes
2024-06-06 02:39:40,791 [Worker-24: Building] INFO  o.a.m.s.f.DefaultMavenResourcesFiltering - Copying 0 resource from src\main\resources to target\classes
2024-06-06 02:39:40,825 [Worker-24: Building] INFO  o.a.m.s.f.DefaultMavenResourcesFiltering - skip non existing resourceDirectory C:\Training\hibernateProject\hibernateProject\src\test\resources
2024-06-06 02:40:14,823 [Worker-21: Building] INFO  o.a.m.s.f.DefaultMavenResourcesFiltering - Copying 1 resource from src\main\resources to target\classes
2024-06-06 02:40:14,832 [Worker-21: Building] INFO  o.a.m.s.f.DefaultMavenResourcesFiltering - Copying 0 resource from src\main\resources to target\classes
2024-06-06 02:40:14,838 [Worker-21: Building] INFO  o.a.m.s.f.DefaultMavenResourcesFiltering - skip non existing resourceDirectory C:\Training\hibernateProject\hibernateProject\src\test\resources
2024-06-06 02:45:47,782 [Worker-14: Building] INFO  o.a.m.s.f.DefaultMavenResourcesFiltering - Copying 1 resource from src\main\resources to target\classes
2024-06-06 02:45:47,903 [Worker-14: Building] INFO  o.a.m.s.f.DefaultMavenResourcesFiltering - Copying 0 resource from src\main\resources to target\classes
2024-06-06 02:45:47,909 [Worker-14: Building] INFO  o.a.m.s.f.DefaultMavenResourcesFiltering - skip non existing resourceDirectory C:\Training\hibernateProject\hibernateProject\src\test\resources
2024-06-06 02:48:49,416 [Worker-27: Building] INFO  o.a.m.s.f.DefaultMavenResourcesFiltering - Copying 1 resource from src\main\resources to target\classes
2024-06-06 02:48:49,450 [Worker-27: Building] INFO  o.a.m.s.f.DefaultMavenResourcesFiltering - Copying 0 resource from src\main\resources to target\classes
2024-06-06 02:48:49,475 [Worker-27: Building] INFO  o.a.m.s.f.DefaultMavenResourcesFiltering - skip non existing resourceDirectory C:\Training\hibernateProject\hibernateProject\src\test\resources
2024-06-06 06:14:11,694 [Worker-86: Building] INFO  o.a.m.s.f.DefaultMavenResourcesFiltering - Copying 1 resource from src\main\resources to target\classes
2024-06-06 06:14:11,809 [Worker-86: Building] INFO  o.a.m.s.f.DefaultMavenResourcesFiltering - Copying 0 resource from src\main\resources to target\classes
2024-06-06 06:14:11,829 [Worker-86: Building] INFO  o.a.m.s.f.DefaultMavenResourcesFiltering - skip non existing resourceDirectory C:\Training\hibernateProject\hibernateProject\src\test\resources
2024-06-06 06:20:08,827 [Worker-86: Building] INFO  o.a.m.s.f.DefaultMavenResourcesFiltering - Copying 1 resource from src\main\resources to target\classes
2024-06-06 06:20:08,863 [Worker-86: Building] INFO  o.a.m.s.f.DefaultMavenResourcesFiltering - Copying 0 resource from src\main\resources to target\classes
2024-06-06 06:20:08,885 [Worker-86: Building] INFO  o.a.m.s.f.DefaultMavenResourcesFiltering - skip non existing resourceDirectory C:\Training\hibernateProject\hibernateProject\src\test\resources
2024-06-06 06:21:15,872 [Worker-88: Building] INFO  o.a.m.s.f.DefaultMavenResourcesFiltering - Copying 1 resource from src\main\resources to target\classes
2024-06-06 06:21:15,903 [Worker-88: Building] INFO  o.a.m.s.f.DefaultMavenResourcesFiltering - Copying 0 resource from src\main\resources to target\classes
2024-06-06 06:21:15,938 [Worker-88: Building] INFO  o.a.m.s.f.DefaultMavenResourcesFiltering - skip non existing resourceDirectory C:\Training\hibernateProject\hibernateProject\src\test\resources
2024-06-06 06:21:46,981 [Worker-84: Building] INFO  o.a.m.s.f.DefaultMavenResourcesFiltering - Copying 1 resource from src\main\resources to target\classes
2024-06-06 06:21:46,987 [Worker-84: Building] INFO  o.a.m.s.f.DefaultMavenResourcesFiltering - Copying 0 resource from src\main\resources to target\classes
2024-06-06 06:21:46,992 [Worker-84: Building] INFO  o.a.m.s.f.DefaultMavenResourcesFiltering - skip non existing resourceDirectory C:\Training\hibernateProject\hibernateProject\src\test\resources
2024-06-06 06:22:27,230 [Worker-88: Building] INFO  o.a.m.s.f.DefaultMavenResourcesFiltering - Copying 1 resource from src\main\resources to target\classes
2024-06-06 06:22:27,396 [Worker-88: Building] INFO  o.a.m.s.f.DefaultMavenResourcesFiltering - Copying 0 resource from src\main\resources to target\classes
2024-06-06 06:22:27,511 [Worker-88: Building] INFO  o.a.m.s.f.DefaultMavenResourcesFiltering - skip non existing resourceDirectory C:\Training\hibernateProject\hibernateProject\src\test\resources
2024-06-06 06:25:31,670 [Worker-90: Building] INFO  o.a.m.s.f.DefaultMavenResourcesFiltering - Copying 1 resource from src\main\resources to target\classes
2024-06-06 06:25:31,710 [Worker-90: Building] INFO  o.a.m.s.f.DefaultMavenResourcesFiltering - Copying 0 resource from src\main\resources to target\classes
2024-06-06 06:25:31,727 [Worker-90: Building] INFO  o.a.m.s.f.DefaultMavenResourcesFiltering - skip non existing resourceDirectory C:\Training\hibernateProject\hibernateProject\src\test\resources
2024-06-06 06:41:17,747 [Worker-95: Building] INFO  o.a.m.s.f.DefaultMavenResourcesFiltering - Copying 1 resource from src\main\resources to target\classes
2024-06-06 06:41:17,793 [Worker-95: Building] INFO  o.a.m.s.f.DefaultMavenResourcesFiltering - Copying 0 resource from src\main\resources to target\classes
2024-06-06 06:41:17,808 [Worker-95: Building] INFO  o.a.m.s.f.DefaultMavenResourcesFiltering - skip non existing resourceDirectory C:\Training\hibernateProject\hibernateProject\src\test\resources
2024-06-06 06:41:42,664 [Worker-86: Building] INFO  o.a.m.s.f.DefaultMavenResourcesFiltering - Copying 1 resource from src\main\resources to target\classes
2024-06-06 06:41:42,700 [Worker-86: Building] INFO  o.a.m.s.f.DefaultMavenResourcesFiltering - Copying 0 resource from src\main\resources to target\classes
2024-06-06 06:41:42,724 [Worker-86: Building] INFO  o.a.m.s.f.DefaultMavenResourcesFiltering - skip non existing resourceDirectory C:\Training\hibernateProject\hibernateProject\src\test\resources
2024-06-06 06:56:51,132 [Worker-13: Loading available Gradle versions] INFO  o.e.b.c.i.u.g.PublishedGradleVersions - Gradle version information cache is up-to-date. Trying to read.
2024-06-06 06:58:34,472 [Worker-7: Building] INFO  o.a.m.s.f.DefaultMavenResourcesFiltering - Copying 1 resource from src\main\resources to target\classes
2024-06-06 06:58:34,670 [Worker-7: Building] INFO  o.a.m.s.f.DefaultMavenResourcesFiltering - Copying 0 resource from src\main\resources to target\classes
2024-06-06 06:58:34,817 [Worker-7: Building] INFO  o.a.m.s.f.DefaultMavenResourcesFiltering - skip non existing resourceDirectory C:\Training\hibernateProject\hibernateProject\src\test\resources
2024-06-06 07:02:33,841 [Worker-10: Building] INFO  o.a.m.s.f.DefaultMavenResourcesFiltering - Copying 1 resource from src\main\resources to target\classes
2024-06-06 07:02:33,875 [Worker-10: Building] INFO  o.a.m.s.f.DefaultMavenResourcesFiltering - Copying 0 resource from src\main\resources to target\classes
2024-06-06 07:02:33,902 [Worker-10: Building] INFO  o.a.m.s.f.DefaultMavenResourcesFiltering - skip non existing resourceDirectory C:\Training\hibernateProject\hibernateProject\src\test\resources
2024-06-06 07:03:33,575 [Worker-3: Building] INFO  o.a.m.s.f.DefaultMavenResourcesFiltering - Copying 1 resource from src\main\resources to target\classes
2024-06-06 07:03:33,590 [Worker-3: Building] INFO  o.a.m.s.f.DefaultMavenResourcesFiltering - Copying 0 resource from src\main\resources to target\classes
2024-06-06 07:03:33,597 [Worker-3: Building] INFO  o.a.m.s.f.DefaultMavenResourcesFiltering - skip non existing resourceDirectory C:\Training\hibernateProject\hibernateProject\src\test\resources
2024-06-06 07:04:12,702 [Worker-9: Building] INFO  o.a.m.s.f.DefaultMavenResourcesFiltering - Copying 1 resource from src\main\resources to target\classes
2024-06-06 07:04:12,713 [Worker-9: Building] INFO  o.a.m.s.f.DefaultMavenResourcesFiltering - Copying 0 resource from src\main\resources to target\classes
2024-06-06 07:04:12,719 [Worker-9: Building] INFO  o.a.m.s.f.DefaultMavenResourcesFiltering - skip non existing resourceDirectory C:\Training\hibernateProject\hibernateProject\src\test\resources
2024-06-06 07:09:33,033 [Worker-8: Building] INFO  o.a.m.s.f.DefaultMavenResourcesFiltering - Copying 1 resource from src\main\resources to target\classes
2024-06-06 07:09:33,063 [Worker-8: Building] INFO  o.a.m.s.f.DefaultMavenResourcesFiltering - Copying 0 resource from src\main\resources to target\classes
2024-06-06 07:09:33,104 [Worker-8: Building] INFO  o.a.m.s.f.DefaultMavenResourcesFiltering - skip non existing resourceDirectory C:\Training\hibernateProject\hibernateProject\src\test\resources
2024-06-06 07:09:34,535 [Worker-4: Building] INFO  o.a.m.s.f.DefaultMavenResourcesFiltering - Copying 1 resource from src\main\resources to target\classes
2024-06-06 07:09:34,544 [Worker-4: Building] INFO  o.a.m.s.f.DefaultMavenResourcesFiltering - Copying 0 resource from src\main\resources to target\classes
2024-06-06 07:09:34,549 [Worker-4: Building] INFO  o.a.m.s.f.DefaultMavenResourcesFiltering - skip non existing resourceDirectory C:\Training\hibernateProject\hibernateProject\src\test\resources
2024-06-06 07:10:41,678 [Worker-1: Building] INFO  o.a.m.s.f.DefaultMavenResourcesFiltering - Copying 1 resource from src\main\resources to target\classes
2024-06-06 07:10:41,893 [Worker-1: Building] INFO  o.a.m.s.f.DefaultMavenResourcesFiltering - Copying 0 resource from src\main\resources to target\classes
2024-06-06 07:10:41,912 [Worker-1: Building] INFO  o.a.m.s.f.DefaultMavenResourcesFiltering - skip non existing resourceDirectory C:\Training\hibernateProject\hibernateProject\src\test\resources
2024-06-06 07:11:04,091 [Worker-4: Building] INFO  o.a.m.s.f.DefaultMavenResourcesFiltering - Copying 1 resource from src\main\resources to target\classes
2024-06-06 07:11:04,128 [Worker-4: Building] INFO  o.a.m.s.f.DefaultMavenResourcesFiltering - Copying 0 resource from src\main\resources to target\classes
2024-06-06 07:11:04,154 [Worker-4: Building] INFO  o.a.m.s.f.DefaultMavenResourcesFiltering - skip non existing resourceDirectory C:\Training\hibernateProject\hibernateProject\src\test\resources
